Servidor en puerto:  3000
[Base de datos] ahora conectada
[0mPOST /api/register/login [32m200 [0m291.705 ms - 447[0m
[0mPOST /api/register/dashboard [32m200 [0m3.286 ms - 218[0m
[0mPOST /api/register/init [32m200 [0m341.374 ms - 62[0m
[0mPOST /api/register/registervoter [32m201 [0m18.535 ms - 54[0m
[0mPOST /api/register/dashboard [32m200 [0m0.845 ms - 218[0m
[0mPOST /api/register/voterpanel [32m200 [0m6.691 ms - 367[0m
[0mPOST /api/register/voterpanel [32m200 [0m21.848 ms - 367[0m
[0mPOST /api/fingerprint/printinstructions [32m200 [0m3.408 ms - 2[0m
[0mGET /api/voters/fingercharacteristics [32m200 [0m7.788 ms - 4[0m
[0mPOST /api/fingerprint/printinstructions [32m200 [0m0.844 ms - 2[0m
[0mPOST /api/fingerprint/printinstructions [32m200 [0m0.967 ms - 2[0m
[0mPOST /api/fingerprint/printinstructions [32m200 [0m1.275 ms - 2[0m
[0mPOST /api/fingerprint/enroll [32m200 [0m11426.542 ms - 1979[0m
[0mPUT /api/register/voterfingerprint [32m200 [0m11470.825 ms - 50[0m
[0mPOST /api/register/dashboard [32m200 [0m0.945 ms - 218[0m
[0mPOST /api/register/registervoter [32m201 [0m14.635 ms - 54[0m
[0mPOST /api/register/dashboard [32m200 [0m0.742 ms - 218[0m
[0mPOST /api/register/voterpanel [32m200 [0m5.454 ms - 344[0m
[0mPOST /api/register/voterpanel [32m200 [0m12.652 ms - 344[0m
[0mPOST /api/fingerprint/printinstructions [32m200 [0m1.088 ms - 2[0m
[0mGET /api/voters/fingercharacteristics [32m200 [0m6.328 ms - 1964[0m
[0mPOST /api/fingerprint/printinstructions [32m200 [0m1.220 ms - 2[0m
[0mPOST /api/fingerprint/printinstructions [32m200 [0m1.166 ms - 2[0m
[0mPOST /api/fingerprint/printinstructions [32m200 [0m1.482 ms - 2[0m
[Respuesta de error] Las huellas no corresponden
[0mPOST /api/fingerprint/enroll [32m206 [0m7406.411 ms - 49[0m
[Respuesta de error] Las huellas no corresponden
[0mPUT /api/register/voterfingerprint [32m206 [0m7414.093 ms - 49[0m
[0mPOST /api/fingerprint/printinstructions [32m200 [0m1.633 ms - 2[0m
[0mGET /api/voters/fingercharacteristics [32m200 [0m5.521 ms - 1964[0m
[0mPOST /api/fingerprint/printinstructions [32m200 [0m1.111 ms - 2[0m
[0mPOST /api/fingerprint/printinstructions [32m200 [0m1.980 ms - 2[0m
[0mPOST /api/fingerprint/printinstructions [32m200 [0m3.124 ms - 2[0m
[Respuesta de error] Las huellas no corresponden
[0mPOST /api/fingerprint/enroll [32m206 [0m7780.601 ms - 49[0m
[Respuesta de error] Las huellas no corresponden
[0mPUT /api/register/voterfingerprint [32m206 [0m7786.549 ms - 49[0m
[0mPOST /api/fingerprint/printinstructions [32m200 [0m2.251 ms - 2[0m
[0mGET /api/voters/fingercharacteristics [32m200 [0m8.760 ms - 1964[0m
[0mPOST /api/fingerprint/printinstructions [32m200 [0m1.230 ms - 2[0m
[0mPOST /api/fingerprint/printinstructions [32m200 [0m1.348 ms - 2[0m
[0mPOST /api/fingerprint/printinstructions [32m200 [0m0.788 ms - 2[0m
[0mPOST /api/fingerprint/enroll [32m200 [0m9330.674 ms - 2108[0m
[0mPUT /api/register/voterfingerprint [32m200 [0m9359.046 ms - 50[0m
[0mPOST /api/register/dashboard [32m200 [0m0.700 ms - 218[0m
[0mPOST /api/register/registervoter [32m201 [0m13.813 ms - 54[0m
[0mPOST /api/register/dashboard [32m200 [0m0.812 ms - 218[0m
[0mPOST /api/register/voterpanel [32m200 [0m8.566 ms - 353[0m
[0mPOST /api/register/voterpanel [32m200 [0m46.040 ms - 353[0m
[0mPOST /api/fingerprint/printinstructions [32m200 [0m1.714 ms - 2[0m
[0mGET /api/voters/fingercharacteristics [32m200 [0m3.194 ms - 4053[0m
[0mPOST /api/fingerprint/printinstructions [32m200 [0m1.196 ms - 2[0m
[0mPOST /api/fingerprint/printinstructions [32m200 [0m1.097 ms - 2[0m
[0mPOST /api/fingerprint/printinstructions [32m200 [0m1.048 ms - 2[0m
[0mPOST /api/fingerprint/enroll [32m200 [0m8643.538 ms - 2120[0m
[0mPUT /api/register/voterfingerprint [32m200 [0m8671.098 ms - 50[0m
[0mPOST /api/register/dashboard [32m200 [0m2.033 ms - 218[0m
[0mPOST /api/register/registervoter [32m201 [0m16.231 ms - 54[0m
[0mPOST /api/register/dashboard [32m200 [0m1.185 ms - 218[0m
[0mPOST /api/register/voterpanel [32m200 [0m8.023 ms - 344[0m
[0mPOST /api/register/voterpanel [32m200 [0m13.426 ms - 344[0m
[0mPOST /api/fingerprint/printinstructions [32m200 [0m1.052 ms - 2[0m
[0mGET /api/voters/fingercharacteristics [32m200 [0m4.674 ms - 6154[0m
[0mPOST /api/fingerprint/printinstructions [32m200 [0m0.982 ms - 2[0m
[0mPOST /api/fingerprint/printinstructions [32m200 [0m0.959 ms - 2[0m
[0mPOST /api/fingerprint/printinstructions [32m200 [0m2.595 ms - 2[0m
[0mPOST /api/fingerprint/enroll [32m200 [0m12297.683 ms - 2121[0m
[0mPUT /api/register/voterfingerprint [32m200 [0m12326.989 ms - 50[0m
[0mPOST /api/register/dashboard [32m200 [0m1.066 ms - 218[0m
[0mPOST /api/register/registervoter [32m201 [0m10.586 ms - 54[0m
[0mPOST /api/register/dashboard [32m200 [0m1.202 ms - 218[0m
[0mPOST /api/register/voterpanel [32m200 [0m5.331 ms - 350[0m
[0mPOST /api/register/voterpanel [32m200 [0m16.635 ms - 350[0m
[0mPOST /api/fingerprint/printinstructions [32m200 [0m1.597 ms - 2[0m
[0mGET /api/voters/fingercharacteristics [32m200 [0m4.245 ms - 8256[0m
[0mPOST /api/fingerprint/printinstructions [32m200 [0m1.815 ms - 2[0m
[0mPOST /api/fingerprint/printinstructions [32m200 [0m1.709 ms - 2[0m
[0mPOST /api/fingerprint/printinstructions [32m200 [0m2.059 ms - 2[0m
[0mPOST /api/fingerprint/enroll [32m200 [0m9611.333 ms - 2208[0m
[0mPUT /api/register/voterfingerprint [32m200 [0m9635.765 ms - 50[0m
[0mPOST /api/register/dashboard [32m200 [0m1.115 ms - 218[0m
[0mPOST /api/register/registervoter [32m201 [0m12.490 ms - 54[0m
[0mPOST /api/register/dashboard [32m200 [0m1.254 ms - 218[0m
[0mPOST /api/register/voterpanel [32m200 [0m5.802 ms - 353[0m
[0mPOST /api/register/voterpanel [32m200 [0m11.827 ms - 353[0m
[0mPOST /api/fingerprint/printinstructions [32m200 [0m2.575 ms - 2[0m
[0mGET /api/voters/fingercharacteristics [32m200 [0m4.943 ms - 10445[0m
[0mPOST /api/fingerprint/printinstructions [32m200 [0m1.252 ms - 2[0m
[0mPOST /api/fingerprint/printinstructions [32m200 [0m1.086 ms - 2[0m
[0mPOST /api/fingerprint/printinstructions [32m200 [0m1.203 ms - 2[0m
[0mPOST /api/fingerprint/enroll [32m200 [0m8364.696 ms - 2131[0m
[0mPUT /api/register/voterfingerprint [32m200 [0m8389.223 ms - 50[0m
[0mPOST /api/register/dashboard [32m200 [0m2.526 ms - 218[0m
[0mPOST /api/register/registervoter [32m201 [0m12.277 ms - 54[0m
[0mPOST /api/register/dashboard [32m200 [0m0.563 ms - 218[0m
[0mPOST /api/register/voterpanel [32m200 [0m7.881 ms - 358[0m
[0mPOST /api/register/voterpanel [32m200 [0m10.952 ms - 358[0m
[0mPOST /api/fingerprint/printinstructions [32m200 [0m1.037 ms - 2[0m
[0mGET /api/voters/fingercharacteristics [32m200 [0m7.053 ms - 12557[0m
[0mPOST /api/fingerprint/printinstructions [32m200 [0m1.277 ms - 2[0m
[0mPOST /api/fingerprint/printinstructions [32m200 [0m1.387 ms - 2[0m
[0mPOST /api/fingerprint/printinstructions [32m200 [0m1.560 ms - 2[0m
[0mPOST /api/fingerprint/enroll [32m200 [0m9107.392 ms - 1965[0m
[0mPUT /api/register/voterfingerprint [32m200 [0m9127.811 ms - 50[0m
[0mPOST /api/register/dashboard [32m200 [0m0.814 ms - 218[0m
[0mPOST /api/register/registervoter [32m201 [0m12.839 ms - 54[0m
[0mPOST /api/register/dashboard [32m200 [0m1.016 ms - 218[0m
[0mPOST /api/register/voterpanel [32m200 [0m4.403 ms - 344[0m
[0mPOST /api/register/voterpanel [32m200 [0m15.346 ms - 344[0m
[0mPOST /api/fingerprint/printinstructions [32m200 [0m1.371 ms - 2[0m
[0mGET /api/voters/fingercharacteristics [32m200 [0m5.995 ms - 14503[0m
[0mPOST /api/fingerprint/printinstructions [32m200 [0m1.767 ms - 2[0m
[0mPOST /api/fingerprint/printinstructions [32m200 [0m1.559 ms - 2[0m
[0mPOST /api/fingerprint/printinstructions [32m200 [0m1.236 ms - 2[0m
[0mPOST /api/fingerprint/enroll [32m200 [0m10492.914 ms - 2236[0m
[0mPUT /api/register/voterfingerprint [32m200 [0m10513.693 ms - 50[0m
[0mPOST /api/register/dashboard [32m200 [0m3.020 ms - 218[0m
[0mPOST /api/register/registervoter [32m201 [0m13.836 ms - 54[0m
[0mPOST /api/register/dashboard [32m200 [0m0.711 ms - 218[0m
[0mPOST /api/register/voterpanel [32m200 [0m5.034 ms - 345[0m
[0mPOST /api/register/voterpanel [32m200 [0m9.705 ms - 345[0m
[0mPOST /api/fingerprint/printinstructions [32m200 [0m1.407 ms - 2[0m
[0mGET /api/voters/fingercharacteristics [32m200 [0m6.095 ms - 16720[0m
[0mPOST /api/fingerprint/printinstructions [32m200 [0m0.969 ms - 2[0m
[0mPOST /api/fingerprint/printinstructions [32m200 [0m2.295 ms - 2[0m
[0mPOST /api/fingerprint/printinstructions [32m200 [0m2.929 ms - 2[0m
[0mPOST /api/fingerprint/enroll [32m200 [0m9468.950 ms - 2251[0m
[0mPUT /api/register/voterfingerprint [32m200 [0m9492.045 ms - 50[0m
[0mPOST /api/register/dashboard [32m200 [0m0.511 ms - 218[0m
[0mPOST /api/register/registervoter [32m201 [0m16.852 ms - 54[0m
[0mPOST /api/register/dashboard [32m200 [0m1.667 ms - 218[0m
[0mPOST /api/register/voterpanel [32m200 [0m5.511 ms - 345[0m
[0mPOST /api/register/voterpanel [32m200 [0m14.192 ms - 345[0m
[0mPOST /api/fingerprint/printinstructions [32m200 [0m1.419 ms - 2[0m
[0mGET /api/voters/fingercharacteristics [32m200 [0m7.705 ms - 18952[0m
[0mPOST /api/fingerprint/printinstructions [32m200 [0m1.333 ms - 2[0m
[0mPOST /api/fingerprint/printinstructions [32m200 [0m1.965 ms - 2[0m
[0mPOST /api/fingerprint/printinstructions [32m200 [0m1.375 ms - 2[0m
[0mPOST /api/fingerprint/enroll [32m200 [0m12359.181 ms - 2110[0m
[0mPUT /api/register/voterfingerprint [32m200 [0m12379.428 ms - 50[0m
[0mPOST /api/register/dashboard [32m200 [0m0.909 ms - 218[0m
[0mPOST /api/register/registervoter [32m201 [0m22.682 ms - 54[0m
[0mPOST /api/register/dashboard [32m200 [0m1.030 ms - 218[0m
[0mPOST /api/register/voterpanel [32m200 [0m5.321 ms - 347[0m
[0mPOST /api/register/voterpanel [32m200 [0m13.513 ms - 347[0m
[0mPOST /api/fingerprint/printinstructions [32m200 [0m1.988 ms - 2[0m
[0mGET /api/voters/fingercharacteristics [32m200 [0m13.379 ms - 21043[0m
[0mPOST /api/fingerprint/printinstructions [32m200 [0m3.336 ms - 2[0m
[0mPOST /api/fingerprint/printinstructions [32m200 [0m3.480 ms - 2[0m
[0mPOST /api/fingerprint/printinstructions [32m200 [0m2.659 ms - 2[0m
[0mPOST /api/fingerprint/enroll [32m200 [0m12981.391 ms - 2071[0m
[0mPUT /api/register/voterfingerprint [32m200 [0m13009.954 ms - 50[0m
[0mPOST /api/register/dashboard [32m200 [0m0.933 ms - 218[0m
[0mPOST /api/register/registervoter [32m201 [0m15.024 ms - 54[0m
[0mPOST /api/register/dashboard [32m200 [0m0.669 ms - 218[0m
[0mPOST /api/register/voterpanel [32m200 [0m9.823 ms - 354[0m
[0mPOST /api/register/voterpanel [32m200 [0m16.335 ms - 354[0m
[0mPOST /api/fingerprint/printinstructions [32m200 [0m1.764 ms - 2[0m
[0mGET /api/voters/fingercharacteristics [32m200 [0m6.406 ms - 23095[0m
[0mPOST /api/fingerprint/printinstructions [32m200 [0m1.139 ms - 2[0m
[0mPOST /api/fingerprint/printinstructions [32m200 [0m1.705 ms - 2[0m
[0mPOST /api/fingerprint/printinstructions [32m200 [0m1.684 ms - 2[0m
[0mPOST /api/fingerprint/enroll [32m200 [0m12240.427 ms - 2181[0m
[0mPUT /api/register/voterfingerprint [32m200 [0m12259.970 ms - 50[0m
[0mPOST /api/register/dashboard [32m200 [0m0.677 ms - 218[0m
[0mPOST /api/register/registervoter [32m201 [0m16.395 ms - 54[0m
[0mPOST /api/register/dashboard [32m200 [0m1.256 ms - 218[0m
[0mPOST /api/register/voterpanel [32m200 [0m5.748 ms - 354[0m
[0mPOST /api/register/voterpanel [32m200 [0m8.773 ms - 354[0m
[0mPOST /api/fingerprint/printinstructions [32m200 [0m2.595 ms - 2[0m
[0mGET /api/voters/fingercharacteristics [32m200 [0m6.276 ms - 25257[0m
[0mPOST /api/fingerprint/printinstructions [32m200 [0m2.594 ms - 2[0m
[0mPOST /api/fingerprint/printinstructions [32m200 [0m1.439 ms - 2[0m
[0mPOST /api/fingerprint/printinstructions [32m200 [0m1.508 ms - 2[0m
[0mPOST /api/fingerprint/enroll [32m200 [0m15782.275 ms - 1965[0m
[0mPUT /api/register/voterfingerprint [32m200 [0m15802.020 ms - 50[0m
[0mPOST /api/register/dashboard [32m200 [0m0.858 ms - 218[0m
[0mPOST /api/register/registervoter [32m201 [0m15.544 ms - 54[0m
[0mPOST /api/register/dashboard [32m200 [0m1.417 ms - 218[0m
[0mPOST /api/register/voterpanel [32m200 [0m5.191 ms - 349[0m
[0mPOST /api/register/voterpanel [32m200 [0m18.625 ms - 349[0m
[0mPOST /api/fingerprint/printinstructions [32m200 [0m1.626 ms - 2[0m
[0mGET /api/voters/fingercharacteristics [32m200 [0m6.949 ms - 27203[0m
[0mPOST /api/fingerprint/printinstructions [32m200 [0m1.978 ms - 2[0m
[0mPOST /api/fingerprint/printinstructions [32m200 [0m1.932 ms - 2[0m
[0mPOST /api/fingerprint/printinstructions [32m200 [0m1.786 ms - 2[0m
[0mPOST /api/fingerprint/enroll [32m200 [0m12436.196 ms - 2078[0m
[0mPUT /api/register/voterfingerprint [32m200 [0m12467.242 ms - 50[0m
[0mPOST /api/register/dashboard [32m200 [0m0.742 ms - 218[0m
[0mPOST /api/register/registervoter [32m201 [0m18.909 ms - 54[0m
[0mPOST /api/register/dashboard [32m200 [0m1.866 ms - 218[0m
[0mPOST /api/register/voterpanel [32m200 [0m8.605 ms - 346[0m
[0mPOST /api/register/voterpanel [32m200 [0m18.095 ms - 346[0m
[0mPOST /api/fingerprint/printinstructions [32m200 [0m2.141 ms - 2[0m
[0mGET /api/voters/fingercharacteristics [32m200 [0m7.703 ms - 29262[0m
[0mPOST /api/fingerprint/printinstructions [32m200 [0m2.933 ms - 2[0m
[0mPOST /api/fingerprint/printinstructions [32m200 [0m2.259 ms - 2[0m
[0mPOST /api/fingerprint/printinstructions [32m200 [0m1.749 ms - 2[0m
[0mPOST /api/fingerprint/enroll [32m200 [0m12558.550 ms - 2075[0m
[0mPUT /api/register/voterfingerprint [32m200 [0m12580.671 ms - 50[0m
[0mPOST /api/register/dashboard [32m200 [0m0.895 ms - 218[0m
[0mPOST /api/register/registervoter [32m201 [0m21.773 ms - 54[0m
[0mPOST /api/register/dashboard [32m200 [0m0.827 ms - 218[0m
[0mPOST /api/register/voterpanel [32m200 [0m7.860 ms - 354[0m
[0mPOST /api/register/voterpanel [32m200 [0m13.479 ms - 354[0m
[0mPOST /api/fingerprint/printinstructions [32m200 [0m3.833 ms - 2[0m
[0mGET /api/voters/fingercharacteristics [32m200 [0m9.481 ms - 31318[0m
[0mPOST /api/fingerprint/printinstructions [32m200 [0m2.442 ms - 2[0m
[0mPOST /api/fingerprint/printinstructions [32m200 [0m2.067 ms - 2[0m
[0mPOST /api/fingerprint/printinstructions [32m200 [0m2.017 ms - 2[0m
[0mPOST /api/fingerprint/enroll [32m200 [0m14082.460 ms - 1963[0m
[0mPUT /api/register/voterfingerprint [32m200 [0m14104.420 ms - 50[0m
[0mPOST /api/register/dashboard [32m200 [0m0.788 ms - 218[0m
[0mPUT /api/register/closeregistration [32m200 [0m710.670 ms - 77[0m
[0mPUT /api/register/openvotingperiod [32m200 [0m63.366 ms - 66[0m
2020-11-19T14:40:33.783Z - [33mwarn[39m: [Transaction]: _validatePeerResponses: Received error response from peer: message={"error":La elección ya se encuentra abierta, "code":400 " }, stack=Error: {"error":La elección ya se encuentra abierta, "code":400 " }
    at /Users/alvarosalinasdockar/electronicVoteUCB/Backend/node_modules/fabric-network/node_modules/fabric-client/lib/Peer.js:144:36
    at Object.onReceiveStatus (/Users/alvarosalinasdockar/electronicVoteUCB/Backend/node_modules/grpc/src/client_interceptors.js:1212:9)
    at InterceptingListener._callNext (/Users/alvarosalinasdockar/electronicVoteUCB/Backend/node_modules/grpc/src/client_interceptors.js:568:42)
    at InterceptingListener.onReceiveStatus (/Users/alvarosalinasdockar/electronicVoteUCB/Backend/node_modules/grpc/src/client_interceptors.js:618:8)
    at callback (/Users/alvarosalinasdockar/electronicVoteUCB/Backend/node_modules/grpc/src/client_interceptors.js:847:24), status=500, , url=grpc://192.168.0.120:7051, name=ucb-peer1.ucb.com, grpc.max_receive_message_length=-1, grpc.max_send_message_length=-1, grpc.keepalive_time_ms=120000, grpc.http2.min_time_between_pings_ms=120000, grpc.keepalive_timeout_ms=20000, grpc.http2.max_pings_without_data=0, grpc.keepalive_permit_without_calls=1, name=ucb-peer1.ucb.com, isProposalResponse=true
2020-11-19T14:40:33.785Z - [31merror[39m: [Transaction]: _validatePeerResponses: No valid responses from any peers. 1 peer error responses:
    peer=ucb-peer1.ucb.com, status=500, message={"error":La elección ya se encuentra abierta, "code":400 " }
Error: No valid responses from any peers. 1 peer error responses:
    peer=ucb-peer1.ucb.com, status=500, message={"error":La elección ya se encuentra abierta, "code":400 " }
    at Transaction._validatePeerResponses (/Users/alvarosalinasdockar/electronicVoteUCB/Backend/node_modules/fabric-network/lib/transaction.js:277:10)
    at Transaction.submit (/Users/alvarosalinasdockar/electronicVoteUCB/Backend/node_modules/fabric-network/lib/transaction.js:190:34)
    at async Object.openElection (/Users/alvarosalinasdockar/electronicVoteUCB/Backend/components/registerSection/blockchain/gateway.js:64:20)
    at async Object.openElections (/Users/alvarosalinasdockar/electronicVoteUCB/Backend/components/registerSection/controllers/registerController.js:389:22)
    at async /Users/alvarosalinasdockar/electronicVoteUCB/Backend/components/registerSection/routes/routes.js:327:22 {
  responses: [
    Error: {"error":La elección ya se encuentra abierta, "code":400 " }
        at /Users/alvarosalinasdockar/electronicVoteUCB/Backend/node_modules/fabric-network/node_modules/fabric-client/lib/Peer.js:144:36
        at Object.onReceiveStatus (/Users/alvarosalinasdockar/electronicVoteUCB/Backend/node_modules/grpc/src/client_interceptors.js:1212:9)
        at InterceptingListener._callNext (/Users/alvarosalinasdockar/electronicVoteUCB/Backend/node_modules/grpc/src/client_interceptors.js:568:42)
        at InterceptingListener.onReceiveStatus (/Users/alvarosalinasdockar/electronicVoteUCB/Backend/node_modules/grpc/src/client_interceptors.js:618:8)
        at callback (/Users/alvarosalinasdockar/electronicVoteUCB/Backend/node_modules/grpc/src/client_interceptors.js:847:24) {
      status: 500,
      payload: <Buffer >,
      peer: [Object],
      isProposalResponse: true
    }
  ]
}
[Respuesta de error] No se pudo abrir la etapa de voto, por favor revise las configuraciones de la Base de Datos
[0mPUT /api/register/openvotingperiod [31m500 [0m43.705 ms - 113[0m
2020-11-19T14:42:36.758Z - [33mwarn[39m: [Transaction]: _validatePeerResponses: Received error response from peer: message={"error":La elección ya se encuentra abierta, "code":400 " }, stack=Error: {"error":La elección ya se encuentra abierta, "code":400 " }
    at /Users/alvarosalinasdockar/electronicVoteUCB/Backend/node_modules/fabric-network/node_modules/fabric-client/lib/Peer.js:144:36
    at Object.onReceiveStatus (/Users/alvarosalinasdockar/electronicVoteUCB/Backend/node_modules/grpc/src/client_interceptors.js:1212:9)
    at InterceptingListener._callNext (/Users/alvarosalinasdockar/electronicVoteUCB/Backend/node_modules/grpc/src/client_interceptors.js:568:42)
    at InterceptingListener.onReceiveStatus (/Users/alvarosalinasdockar/electronicVoteUCB/Backend/node_modules/grpc/src/client_interceptors.js:618:8)
    at callback (/Users/alvarosalinasdockar/electronicVoteUCB/Backend/node_modules/grpc/src/client_interceptors.js:847:24), status=500, , url=grpc://192.168.0.120:7051, name=ucb-peer1.ucb.com, grpc.max_receive_message_length=-1, grpc.max_send_message_length=-1, grpc.keepalive_time_ms=120000, grpc.http2.min_time_between_pings_ms=120000, grpc.keepalive_timeout_ms=20000, grpc.http2.max_pings_without_data=0, grpc.keepalive_permit_without_calls=1, name=ucb-peer1.ucb.com, isProposalResponse=true
2020-11-19T14:42:36.758Z - [31merror[39m: [Transaction]: _validatePeerResponses: No valid responses from any peers. 1 peer error responses:
    peer=ucb-peer1.ucb.com, status=500, message={"error":La elección ya se encuentra abierta, "code":400 " }
Error: No valid responses from any peers. 1 peer error responses:
    peer=ucb-peer1.ucb.com, status=500, message={"error":La elección ya se encuentra abierta, "code":400 " }
    at Transaction._validatePeerResponses (/Users/alvarosalinasdockar/electronicVoteUCB/Backend/node_modules/fabric-network/lib/transaction.js:277:10)
    at Transaction.submit (/Users/alvarosalinasdockar/electronicVoteUCB/Backend/node_modules/fabric-network/lib/transaction.js:190:34)
    at async Object.openElection (/Users/alvarosalinasdockar/electronicVoteUCB/Backend/components/registerSection/blockchain/gateway.js:64:20)
    at async Object.openElections (/Users/alvarosalinasdockar/electronicVoteUCB/Backend/components/registerSection/controllers/registerController.js:389:22)
    at async /Users/alvarosalinasdockar/electronicVoteUCB/Backend/components/registerSection/routes/routes.js:327:22 {
  responses: [
    Error: {"error":La elección ya se encuentra abierta, "code":400 " }
        at /Users/alvarosalinasdockar/electronicVoteUCB/Backend/node_modules/fabric-network/node_modules/fabric-client/lib/Peer.js:144:36
        at Object.onReceiveStatus (/Users/alvarosalinasdockar/electronicVoteUCB/Backend/node_modules/grpc/src/client_interceptors.js:1212:9)
        at InterceptingListener._callNext (/Users/alvarosalinasdockar/electronicVoteUCB/Backend/node_modules/grpc/src/client_interceptors.js:568:42)
        at InterceptingListener.onReceiveStatus (/Users/alvarosalinasdockar/electronicVoteUCB/Backend/node_modules/grpc/src/client_interceptors.js:618:8)
        at callback (/Users/alvarosalinasdockar/electronicVoteUCB/Backend/node_modules/grpc/src/client_interceptors.js:847:24) {
      status: 500,
      payload: <Buffer >,
      peer: [Object],
      isProposalResponse: true
    }
  ]
}
[Respuesta de error] No se pudo abrir la etapa de voto, por favor revise las configuraciones de la Base de Datos
[0mPUT /api/register/openvotingperiod [31m500 [0m21.273 ms - 113[0m
[Respuesta de error] Búsqueda de CI inexistente
[0mPOST /api/voters/ci [33m401 [0m3.983 ms - 57[0m
[0mPOST /api/voters/ci [32m200 [0m10.354 ms - 3195[0m
[0mPOST /api/voters/voterpanel [32m200 [0m12.566 ms - 2295[0m
[0mPOST /api/voters/ci [32m200 [0m7.618 ms - 3195[0m
[0mPOST /api/voters/voterpanel [32m200 [0m7.111 ms - 2295[0m
[0mPOST /api/voters/ci [32m200 [0m8.239 ms - 3195[0m
[0mPOST /api/voters/voterpanel [32m200 [0m7.407 ms - 2295[0m
[0mPOST /api/voters/voterpanel [32m200 [0m6.794 ms - 2295[0m
[0mPOST /api/voters/voterpanel [32m200 [0m6.303 ms - 2295[0m
[0mPOST /api/voters/voterpanel [32m200 [0m7.214 ms - 2295[0m
[0mPOST /api/fingerprint/printinstructions [32m200 [0m3.440 ms - 2[0m
[0mPOST /api/fingerprint/printinstructions [32m200 [0m1.782 ms - 2[0m
[0mPOST /api/fingerprint/search [32m200 [0m6111.591 ms - 48[0m
[0mPOST /api/voters/fingerverification [32m200 [0m6120.654 ms - 52[0m
[0mPOST /api/voters/voterpanel [32m200 [0m7.948 ms - 2294[0m
[0mPOST /api/voters/voterpanel [32m200 [0m7.270 ms - 2294[0m
[0mPOST /api/voters/faceverification [32m200 [0m3579.422 ms - 52[0m
[0mPOST /api/voters/voterpanel [32m200 [0m6.622 ms - 2293[0m
[0mPOST /api/voters/voterpanel [32m200 [0m5.381 ms - 2293[0m
[0mPOST /api/voters/voteemition [32m200 [0m266.450 ms - 48[0m
[0mPOST /api/voters/voterpanel [32m200 [0m8.042 ms - 2292[0m
[0mPOST /api/voters/ci [32m200 [0m6.824 ms - 3234[0m
[0mPOST /api/voters/voterpanel [32m200 [0m6.741 ms - 2324[0m
[0mPOST /api/voters/voterpanel [32m200 [0m11.289 ms - 2324[0m
[0mPOST /api/voters/faceverification [32m200 [0m3021.941 ms - 52[0m
[0mPOST /api/voters/voterpanel [32m200 [0m6.814 ms - 2323[0m
[0mPOST /api/voters/voterpanel [32m200 [0m7.175 ms - 2323[0m
[0mPOST /api/fingerprint/printinstructions [32m200 [0m1.840 ms - 2[0m
[0mPOST /api/fingerprint/printinstructions [32m200 [0m2.351 ms - 2[0m
[0mPOST /api/fingerprint/search [32m200 [0m1695.677 ms - 48[0m
[0mPOST /api/voters/fingerverification [32m200 [0m1705.324 ms - 52[0m
[0mPOST /api/voters/voterpanel [32m200 [0m7.649 ms - 2322[0m
[0mPOST /api/voters/voterpanel [32m200 [0m7.884 ms - 2322[0m
[0mPOST /api/voters/voteemition [32m200 [0m31.514 ms - 48[0m
[0mPOST /api/voters/voterpanel [32m200 [0m6.227 ms - 2321[0m
[0mPOST /api/voters/ci [32m200 [0m9.277 ms - 3375[0m
[0mPOST /api/voters/voterpanel [32m200 [0m6.885 ms - 2430[0m
[0mPOST /api/voters/voterpanel [32m200 [0m6.621 ms - 2430[0m
[0mPOST /api/fingerprint/printinstructions [32m200 [0m2.729 ms - 2[0m
[0mPOST /api/fingerprint/printinstructions [32m200 [0m2.629 ms - 2[0m
[0mPOST /api/fingerprint/search [32m200 [0m3335.373 ms - 48[0m
[0mPOST /api/voters/fingerverification [32m200 [0m3343.903 ms - 52[0m
[0mPOST /api/voters/voterpanel [32m200 [0m7.139 ms - 2429[0m
[0mPOST /api/voters/voterpanel [32m200 [0m7.388 ms - 2429[0m
[0mPOST /api/voters/faceverification [32m200 [0m3298.479 ms - 52[0m
[0mPOST /api/voters/voterpanel [32m200 [0m6.970 ms - 2428[0m
[0mPOST /api/voters/voterpanel [32m200 [0m8.944 ms - 2428[0m
[0mPOST /api/voters/voteemition [32m200 [0m301.296 ms - 48[0m
[0mPOST /api/voters/voterpanel [32m200 [0m7.849 ms - 2427[0m
[Respuesta de error] Búsqueda de CI inexistente
[0mPOST /api/voters/ci [33m401 [0m9.935 ms - 57[0m
[0mPOST /api/voters/ci [32m200 [0m8.667 ms - 3334[0m
[0mPOST /api/voters/voterpanel [32m200 [0m7.022 ms - 2399[0m
[0mPOST /api/voters/voterpanel [32m200 [0m8.043 ms - 2399[0m
[0mPOST /api/fingerprint/printinstructions [32m200 [0m2.481 ms - 2[0m
Error: socket hang up
    at connResetException (internal/errors.js:610:14)
    at Socket.socketOnEnd (_http_client.js:453:23)
    at Socket.emit (events.js:327:22)
    at endReadableNT (_stream_readable.js:1220:12)
    at processTicksAndRejections (internal/process/task_queues.js:84:21) {
  code: 'ECONNRESET',
  config: {
    url: 'http://192.168.0.105:8081/search',
    method: 'post',
    data: '{"characteristicsData":[3,3,86,43,64,1,45,1,129,0,0,0,0,0,0,0,0,0,0,0,0,0,0,0,0,0,0,0,0,0,0,0,0,0,0,0,0,0,0,0,0,0,0,0,0,0,0,0,28,0,0,0,143,0,48,12,48,51,255,255,255,255,255,191,254,254,234,170,170,170,174,170,166,101,153,102,86,85,89,85,21,85,68,17,16,1,0,0,0,64,1,1,1,1,1,1,1,1,1,1,1,1,1,1,1,1,1,1,1,1,1,1,1,1,1,1,0,1,1,1,1,1,1,1,1,1,1,1,83,134,72,126,142,141,229,62,44,142,67,30,98,15,33,94,44,147,27,94,87,31,106,254,68,162,64,62,106,35,170,158,56,38,128,254,69,167,151,190,97,53,44,62,128,8,99,191,120,138,226,31,59,18,1,191,101,150,230,223,71,151,171,63,120,26,39,159,97,27,105,63,105,39,149,95,137,40,19,223,146,175,83,223,134,177,170,127,93,66,150,188,116,182,21,29,106,192,150,221,75,141,154,154,72,15,90,90,97,63,192,218,102,175,171,24,112,61,64,88,122,194,128,184,112,185,193,89,124,169,234,246,116,59,23,183,128,66,214,55,121,191,87,52,126,60,170,178,108,177,18,113,107,178,40,177,36,12,195,94,52,182,24,62,42,182,129,94,57,59,64,62,0,0,0,0,0,0,0,0,0,0,0,0,0,0,0,0,0,0,0,0,0,0,0,0,0,0,0,0,0,0,0,0,0,0,0,0,0,0,0,0,0,0,0,0,0,0,0,0,0,0,0,0,0,0,0,0,0,0,0,0,0,0,0,0,0,0,0,0,0,0,0,0,0,0,0,0,0,0,0,0,0,0,0,0,3,3,94,25,0,1,32,1,130,0,0,0,0,0,0,0,0,0,0,0,0,0,0,0,0,0,0,0,0,0,0,0,0,0,0,0,0,0,0,0,0,0,0,0,0,0,0,0,18,0,0,0,125,0,12,0,0,51,255,255,255,255,255,255,255,254,234,170,170,170,170,101,102,89,149,149,86,85,69,85,81,4,65,0,4,0,0,0,0,0,0,0,0,0,0,0,0,0,0,0,0,0,0,0,0,0,0,0,0,0,0,0,0,0,0,0,0,0,0,0,0,0,0,0,0,0,0,0,118,136,162,62,36,10,67,126,97,13,33,190,56,145,129,94,119,151,230,190,84,157,235,30,67,32,128,94,55,36,193,30,69,37,215,158,49,179,216,94,39,180,1,126,54,57,0,94,100,149,39,31,69,21,235,95,96,25,233,63,118,168,234,191,98,46,43,191,90,53,108,191,118,54,21,191,42,145,92,60,103,162,170,156,104,166,20,253,74,139,218,250,37,142,197,186,73,13,216,91,0,0,0,0,0,0,0,0,0,0,0,0,0,0,0,0,0,0,0,0,0,0,0,0,0,0,0,0,0,0,0,0,0,0,0,0,0,0,0,0,0,0,0,0,0,0,0,0,0,0,0,0,0,0,0,0,0,0,0,0,0,0,0,0,0,0,0,0,0,0,0,0,0,0,0,0,0,0,0,0,0,0,0,0,0,0,0,0,0,0,0,0,0,0,0,0,0,0,0,0,0,0,0,0,0,0,0,0,0,0,0,0,0,0,0,0,0,0,0,0,0,0,0,0,0,0,0,0,0,0,0,0,0,0,0,0,0,0,0,0,0,0,0,0,0,0,0,0,0,0,0,0,0,0,0,0]}',
    headers: {
      Accept: 'application/json, text/plain, */*',
      'Content-Type': 'application/json;charset=utf-8',
      'User-Agent': 'axios/0.19.0',
      'Content-Length': 2079
    },
    transformRequest: [ [Function: transformRequest] ],
    transformResponse: [ [Function: transformResponse] ],
    timeout: 0,
    adapter: [Function: httpAdapter],
    xsrfCookieName: 'XSRF-TOKEN',
    xsrfHeaderName: 'X-XSRF-TOKEN',
    maxContentLength: -1,
    validateStatus: [Function: validateStatus]
  },
  request: Writable {
    _writableState: WritableState {
      objectMode: false,
      highWaterMark: 16384,
      finalCalled: false,
      needDrain: false,
      ending: false,
      ended: false,
      finished: false,
      destroyed: false,
      decodeStrings: true,
      defaultEncoding: 'utf8',
      length: 0,
      writing: false,
      corked: 0,
      sync: true,
      bufferProcessing: false,
      onwrite: [Function: bound onwrite],
      writecb: null,
      writelen: 0,
      afterWriteTickInfo: null,
      bufferedRequest: null,
      lastBufferedRequest: null,
      pendingcb: 0,
      prefinished: false,
      errorEmitted: false,
      emitClose: true,
      autoDestroy: false,
      bufferedRequestCount: 0,
      corkedRequestsFree: [Object]
    },
    writable: true,
    _events: [Object: null prototype] {
      response: [Function: handleResponse],
      error: [Function: handleRequestError]
    },
    _eventsCount: 2,
    _maxListeners: undefined,
    _options: {
      protocol: 'http:',
      maxRedirects: 21,
      maxBodyLength: 10485760,
      path: '/search',
      method: 'POST',
      headers: [Object],
      agent: undefined,
      auth: undefined,
      hostname: '192.168.0.105',
      port: '8081',
      nativeProtocols: [Object],
      pathname: '/search'
    },
    _redirectCount: 0,
    _redirects: [],
    _requestBodyLength: 2079,
    _requestBodyBuffers: [ [Object] ],
    _onNativeResponse: [Function],
    _currentRequest: ClientRequest {
      _events: [Object: null prototype],
      _eventsCount: 6,
      _maxListeners: undefined,
      outputData: [],
      outputSize: 0,
      writable: true,
      _last: true,
      chunkedEncoding: false,
      shouldKeepAlive: false,
      useChunkedEncodingByDefault: true,
      sendDate: false,
      _removedConnection: false,
      _removedContLen: false,
      _removedTE: false,
      _contentLength: null,
      _hasBody: true,
      _trailer: '',
      finished: true,
      _headerSent: true,
      socket: [Socket],
      connection: [Socket],
      _header: 'POST /search HTTP/1.1\r\n' +
        'Accept: application/json, text/plain, */*\r\n' +
        'Content-Type: application/json;charset=utf-8\r\n' +
        'User-Agent: axios/0.19.0\r\n' +
        'Content-Length: 2079\r\n' +
        'Host: 192.168.0.105:8081\r\n' +
        'Connection: close\r\n' +
        '\r\n',
      _onPendingData: [Function: noopPendingOutput],
      agent: [Agent],
      socketPath: undefined,
      method: 'POST',
      insecureHTTPParser: undefined,
      path: '/search',
      _ended: false,
      res: null,
      aborted: false,
      timeoutCb: null,
      upgradeOrConnect: false,
      parser: null,
      maxHeadersCount: null,
      reusedSocket: false,
      _redirectable: [Circular],
      [Symbol(kCapture)]: false,
      [Symbol(kNeedDrain)]: false,
      [Symbol(corked)]: 0,
      [Symbol(kOutHeaders)]: [Object: null prototype]
    },
    _currentUrl: 'http://192.168.0.105:8081/search',
    [Symbol(kCapture)]: false
  },
  response: undefined,
  isAxiosError: true,
  toJSON: [Function]
}
[0mPOST /api/fingerprint/printinstructions [32m200 [0m3.936 ms - 2[0m
[0mPOST /api/fingerprint/printinstructions [32m200 [0m3.636 ms - 2[0m
[0mPOST /api/fingerprint/search [32m200 [0m2895.494 ms - 48[0m
[0mPOST /api/voters/fingerverification [32m200 [0m2906.208 ms - 52[0m
[0mPOST /api/voters/voterpanel [32m200 [0m7.483 ms - 2398[0m
[0mPOST /api/voters/voterpanel [32m200 [0m8.264 ms - 2398[0m
[0mPOST /api/voters/faceverification [32m200 [0m3104.353 ms - 52[0m
[0mPOST /api/voters/voterpanel [32m200 [0m7.736 ms - 2397[0m
[0mPOST /api/voters/voterpanel [32m200 [0m8.232 ms - 2397[0m
[0mPOST /api/voters/voteemition [32m200 [0m35.790 ms - 48[0m
[0mPOST /api/voters/voterpanel [32m200 [0m6.900 ms - 2396[0m
[0mPOST /api/voters/ci [32m200 [0m7.536 ms - 3330[0m
[0mPOST /api/voters/voterpanel [32m200 [0m6.262 ms - 2396[0m
[0mPOST /api/voters/voterpanel [32m200 [0m6.702 ms - 2396[0m
[0mPOST /api/fingerprint/printinstructions [32m200 [0m1.837 ms - 2[0m
[0mPOST /api/fingerprint/printinstructions [32m200 [0m1.543 ms - 2[0m
[0mPOST /api/fingerprint/search [32m200 [0m2605.323 ms - 48[0m
[0mPOST /api/voters/fingerverification [32m200 [0m2618.432 ms - 52[0m
[0mPOST /api/voters/voterpanel [32m200 [0m6.353 ms - 2395[0m
[0mPOST /api/voters/fingerverification [0m- [0m- ms - -[0m
Error: socket hang up
    at connResetException (internal/errors.js:610:14)
    at Socket.socketOnEnd (_http_client.js:453:23)
    at Socket.emit (events.js:327:22)
    at endReadableNT (_stream_readable.js:1220:12)
    at processTicksAndRejections (internal/process/task_queues.js:84:21) {
  code: 'ECONNRESET',
  config: {
    url: 'http://localhost:3000/api/fingerprint/search',
    method: 'post',
    data: '{"characteristicsData":[3,3,86,43,64,1,45,1,129,0,0,0,0,0,0,0,0,0,0,0,0,0,0,0,0,0,0,0,0,0,0,0,0,0,0,0,0,0,0,0,0,0,0,0,0,0,0,0,28,0,0,0,143,0,48,12,48,51,255,255,255,255,255,191,254,254,234,170,170,170,174,170,166,101,153,102,86,85,89,85,21,85,68,17,16,1,0,0,0,64,1,1,1,1,1,1,1,1,1,1,1,1,1,1,1,1,1,1,1,1,1,1,1,1,1,1,0,1,1,1,1,1,1,1,1,1,1,1,83,134,72,126,142,141,229,62,44,142,67,30,98,15,33,94,44,147,27,94,87,31,106,254,68,162,64,62,106,35,170,158,56,38,128,254,69,167,151,190,97,53,44,62,128,8,99,191,120,138,226,31,59,18,1,191,101,150,230,223,71,151,171,63,120,26,39,159,97,27,105,63,105,39,149,95,137,40,19,223,146,175,83,223,134,177,170,127,93,66,150,188,116,182,21,29,106,192,150,221,75,141,154,154,72,15,90,90,97,63,192,218,102,175,171,24,112,61,64,88,122,194,128,184,112,185,193,89,124,169,234,246,116,59,23,183,128,66,214,55,121,191,87,52,126,60,170,178,108,177,18,113,107,178,40,177,36,12,195,94,52,182,24,62,42,182,129,94,57,59,64,62,0,0,0,0,0,0,0,0,0,0,0,0,0,0,0,0,0,0,0,0,0,0,0,0,0,0,0,0,0,0,0,0,0,0,0,0,0,0,0,0,0,0,0,0,0,0,0,0,0,0,0,0,0,0,0,0,0,0,0,0,0,0,0,0,0,0,0,0,0,0,0,0,0,0,0,0,0,0,0,0,0,0,0,0,3,3,94,25,0,1,32,1,130,0,0,0,0,0,0,0,0,0,0,0,0,0,0,0,0,0,0,0,0,0,0,0,0,0,0,0,0,0,0,0,0,0,0,0,0,0,0,0,18,0,0,0,125,0,12,0,0,51,255,255,255,255,255,255,255,254,234,170,170,170,170,101,102,89,149,149,86,85,69,85,81,4,65,0,4,0,0,0,0,0,0,0,0,0,0,0,0,0,0,0,0,0,0,0,0,0,0,0,0,0,0,0,0,0,0,0,0,0,0,0,0,0,0,0,0,0,0,0,118,136,162,62,36,10,67,126,97,13,33,190,56,145,129,94,119,151,230,190,84,157,235,30,67,32,128,94,55,36,193,30,69,37,215,158,49,179,216,94,39,180,1,126,54,57,0,94,100,149,39,31,69,21,235,95,96,25,233,63,118,168,234,191,98,46,43,191,90,53,108,191,118,54,21,191,42,145,92,60,103,162,170,156,104,166,20,253,74,139,218,250,37,142,197,186,73,13,216,91,0,0,0,0,0,0,0,0,0,0,0,0,0,0,0,0,0,0,0,0,0,0,0,0,0,0,0,0,0,0,0,0,0,0,0,0,0,0,0,0,0,0,0,0,0,0,0,0,0,0,0,0,0,0,0,0,0,0,0,0,0,0,0,0,0,0,0,0,0,0,0,0,0,0,0,0,0,0,0,0,0,0,0,0,0,0,0,0,0,0,0,0,0,0,0,0,0,0,0,0,0,0,0,0,0,0,0,0,0,0,0,0,0,0,0,0,0,0,0,0,0,0,0,0,0,0,0,0,0,0,0,0,0,0,0,0,0,0,0,0,0,0,0,0,0,0,0,0,0,0,0,0,0,0,0,0]}',
    headers: {
      Accept: 'application/json, text/plain, */*',
      'Content-Type': 'application/json;charset=utf-8',
      'User-Agent': 'axios/0.19.0',
      'Content-Length': 2079
    },
    transformRequest: [ [Function: transformRequest] ],
    transformResponse: [ [Function: transformResponse] ],
    timeout: 0,
    adapter: [Function: httpAdapter],
    xsrfCookieName: 'XSRF-TOKEN',
    xsrfHeaderName: 'X-XSRF-TOKEN',
    maxContentLength: -1,
    validateStatus: [Function: validateStatus]
  },
  request: Writable {
    _writableState: WritableState {
      objectMode: false,
      highWaterMark: 16384,
      finalCalled: false,
      needDrain: false,
      ending: false,
      ended: false,
      finished: false,
      destroyed: false,
      decodeStrings: true,
      defaultEncoding: 'utf8',
      length: 0,
      writing: false,
      corked: 0,
      sync: true,
      bufferProcessing: false,
      onwrite: [Function: bound onwrite],
      writecb: null,
      writelen: 0,
      afterWriteTickInfo: null,
      bufferedRequest: null,
      lastBufferedRequest: null,
      pendingcb: 0,
      prefinished: false,
      errorEmitted: false,
      emitClose: true,
      autoDestroy: false,
      bufferedRequestCount: 0,
      corkedRequestsFree: [Object]
    },
    writable: true,
    _events: [Object: null prototype] {
      response: [Function: handleResponse],
      error: [Function: handleRequestError]
    },
    _eventsCount: 2,
    _maxListeners: undefined,
    _options: {
      protocol: 'http:',
      maxRedirects: 21,
      maxBodyLength: 10485760,
      path: '/api/fingerprint/search',
      method: 'POST',
      headers: [Object],
      agent: undefined,
      auth: undefined,
      hostname: 'localhost',
      port: '3000',
      nativeProtocols: [Object],
      pathname: '/api/fingerprint/search'
    },
    _redirectCount: 0,
    _redirects: [],
    _requestBodyLength: 2079,
    _requestBodyBuffers: [ [Object] ],
    _onNativeResponse: [Function],
    _currentRequest: ClientRequest {
      _events: [Object: null prototype],
      _eventsCount: 6,
      _maxListeners: undefined,
      outputData: [],
      outputSize: 0,
      writable: true,
      _last: true,
      chunkedEncoding: false,
      shouldKeepAlive: false,
      useChunkedEncodingByDefault: true,
      sendDate: false,
      _removedConnection: false,
      _removedContLen: false,
      _removedTE: false,
      _contentLength: null,
      _hasBody: true,
      _trailer: '',
      finished: true,
      _headerSent: true,
      socket: [Socket],
      connection: [Socket],
      _header: 'POST /api/fingerprint/search HTTP/1.1\r\n' +
        'Accept: application/json, text/plain, */*\r\n' +
        'Content-Type: application/json;charset=utf-8\r\n' +
        'User-Agent: axios/0.19.0\r\n' +
        'Content-Length: 2079\r\n' +
        'Host: localhost:3000\r\n' +
        'Connection: close\r\n' +
        '\r\n',
      _onPendingData: [Function: noopPendingOutput],
      agent: [Agent],
      socketPath: undefined,
      method: 'POST',
      insecureHTTPParser: undefined,
      path: '/api/fingerprint/search',
      _ended: false,
      res: null,
      aborted: false,
      timeoutCb: null,
      upgradeOrConnect: false,
      parser: null,
      maxHeadersCount: null,
      reusedSocket: false,
      _redirectable: [Circular],
      [Symbol(kCapture)]: false,
      [Symbol(kNeedDrain)]: false,
      [Symbol(corked)]: 0,
      [Symbol(kOutHeaders)]: [Object: null prototype]
    },
    _currentUrl: 'http://localhost:3000/api/fingerprint/search',
    [Symbol(kCapture)]: false
  },
  response: undefined,
  isAxiosError: true,
  toJSON: [Function]
}
[0mPOST /api/fingerprint/search [0m- [0m- ms - -[0m
[0mPOST /api/fingerprint/printinstructions [32m200 [0m1.877 ms - 2[0m
[0mPOST /api/voters/voterpanel [32m200 [0m6.171 ms - 2395[0m
[0mPOST /api/voters/faceverification [32m200 [0m3088.632 ms - 52[0m
[0mPOST /api/voters/voterpanel [32m200 [0m7.771 ms - 2394[0m
[0mPOST /api/voters/voterpanel [32m200 [0m7.560 ms - 2394[0m
[0mPOST /api/voters/voteemition [32m200 [0m30.178 ms - 48[0m
[0mPOST /api/voters/voterpanel [32m200 [0m6.626 ms - 2393[0m
[0mPOST /api/voters/ci [32m200 [0m6.996 ms - 3342[0m
[0mPOST /api/voters/voterpanel [32m200 [0m5.981 ms - 2405[0m
[0mPOST /api/voters/voterpanel [32m200 [0m7.786 ms - 2405[0m
[0mPOST /api/fingerprint/printinstructions [32m200 [0m1.723 ms - 2[0m
[Respuesta de error] Las huellas no coinciden
[0mPOST /api/fingerprint/search [32m206 [0m60256.504 ms - 46[0m
[Respuesta de error] Las huellas no coinciden
[0mPOST /api/voters/fingerverification [32m206 [0m60263.424 ms - 46[0m
[0mPOST /api/fingerprint/printinstructions [32m200 [0m2.039 ms - 2[0m
[0mPOST /api/fingerprint/printinstructions [32m200 [0m1.810 ms - 2[0m
[0mPOST /api/fingerprint/search [32m200 [0m2630.190 ms - 48[0m
[0mPOST /api/voters/fingerverification [32m200 [0m2641.258 ms - 52[0m
[0mPOST /api/voters/voterpanel [32m200 [0m6.799 ms - 2404[0m
[0mPOST /api/voters/voterpanel [32m200 [0m6.615 ms - 2404[0m
[0mPOST /api/voters/faceverification [32m200 [0m2881.053 ms - 52[0m
[0mPOST /api/voters/voterpanel [32m200 [0m6.481 ms - 2403[0m
[0mPOST /api/voters/voterpanel [32m200 [0m7.409 ms - 2403[0m
[0mPOST /api/voters/voteemition [32m200 [0m32.106 ms - 48[0m
[0mPOST /api/voters/voterpanel [32m200 [0m9.110 ms - 2402[0m
[Respuesta de error] Búsqueda de CI inexistente
[0mPOST /api/voters/ci [33m401 [0m2.984 ms - 57[0m
[Respuesta de error] Búsqueda de CI inexistente
[0mPOST /api/voters/ci [33m401 [0m3.342 ms - 57[0m
[0mPOST /api/voters/ci [32m200 [0m6.549 ms - 3379[0m
[0mPOST /api/voters/voterpanel [32m200 [0m6.218 ms - 2433[0m
[0mPOST /api/voters/voterpanel [32m200 [0m6.585 ms - 2433[0m
[0mPOST /api/fingerprint/printinstructions [32m200 [0m2.242 ms - 2[0m
[0mPOST /api/fingerprint/printinstructions [32m200 [0m3.198 ms - 2[0m
[0mPOST /api/fingerprint/search [32m200 [0m2987.414 ms - 48[0m
[0mPOST /api/voters/fingerverification [32m200 [0m2995.936 ms - 52[0m
[0mPOST /api/voters/voterpanel [32m200 [0m7.871 ms - 2432[0m
[0mPOST /api/voters/voterpanel [32m200 [0m6.258 ms - 2432[0m
[0mPOST /api/voters/faceverification [32m200 [0m3119.192 ms - 52[0m
[0mPOST /api/voters/voterpanel [32m200 [0m7.426 ms - 2431[0m
[0mPOST /api/voters/voterpanel [32m200 [0m6.399 ms - 2431[0m
[0mPOST /api/voters/voteemition [32m200 [0m29.685 ms - 48[0m
[0mPOST /api/voters/voterpanel [32m200 [0m6.450 ms - 2430[0m
[0mPOST /api/voters/ci [32m200 [0m13.611 ms - 3403[0m
[0mPOST /api/voters/voterpanel [32m200 [0m12.546 ms - 2451[0m
[0mPOST /api/voters/voterpanel [32m200 [0m6.249 ms - 2451[0m
[0mPOST /api/voters/faceverification [32m200 [0m3260.275 ms - 52[0m
[0mPOST /api/voters/voterpanel [32m200 [0m6.318 ms - 2450[0m
[0mPOST /api/voters/voterpanel [32m200 [0m6.672 ms - 2450[0m
[0mPOST /api/fingerprint/printinstructions [32m200 [0m2.190 ms - 2[0m
[0mPOST /api/fingerprint/printinstructions [32m200 [0m1.764 ms - 2[0m
[0mPOST /api/fingerprint/search [32m200 [0m2553.405 ms - 48[0m
[0mPOST /api/voters/fingerverification [32m200 [0m2562.709 ms - 52[0m
[0mPOST /api/voters/voterpanel [32m200 [0m5.631 ms - 2449[0m
[0mPOST /api/voters/voterpanel [32m200 [0m7.076 ms - 2449[0m
[0mPOST /api/voters/voteemition [32m200 [0m35.384 ms - 48[0m
[0mPOST /api/voters/voterpanel [32m200 [0m5.752 ms - 2448[0m
[0mPOST /api/voters/ci [32m200 [0m6.678 ms - 3517[0m
[0mPOST /api/voters/voterpanel [32m200 [0m8.557 ms - 2536[0m
[0mPOST /api/voters/voterpanel [32m200 [0m6.836 ms - 2536[0m
[0mPOST /api/voters/faceverification [32m200 [0m3472.639 ms - 52[0m
[0mPOST /api/voters/voterpanel [32m200 [0m6.866 ms - 2535[0m
[0mPOST /api/voters/voterpanel [32m200 [0m8.174 ms - 2535[0m
[0mPOST /api/fingerprint/printinstructions [32m200 [0m3.945 ms - 2[0m
[0mPOST /api/fingerprint/printinstructions [32m200 [0m1.699 ms - 2[0m
[0mPOST /api/fingerprint/search [32m200 [0m1191.392 ms - 48[0m
[0mPOST /api/voters/fingerverification [32m200 [0m1200.626 ms - 52[0m
[0mPOST /api/voters/voterpanel [32m200 [0m5.084 ms - 2534[0m
[0mPOST /api/voters/voterpanel [32m200 [0m5.778 ms - 2534[0m
[0mPOST /api/voters/voteemition [32m200 [0m280.353 ms - 48[0m
[0mPOST /api/voters/voterpanel [32m200 [0m5.693 ms - 2533[0m
[0mPOST /api/voters/ci [32m200 [0m11.169 ms - 3198[0m
[0mPOST /api/voters/voterpanel [32m200 [0m6.527 ms - 2297[0m
[0mPOST /api/voters/voterpanel [32m200 [0m6.696 ms - 2297[0m
[0mPOST /api/fingerprint/printinstructions [32m200 [0m1.940 ms - 2[0m
[0mPOST /api/fingerprint/printinstructions [32m200 [0m6.358 ms - 2[0m
[0mPOST /api/fingerprint/search [32m200 [0m3020.268 ms - 48[0m
[0mPOST /api/voters/fingerverification [32m200 [0m3030.510 ms - 52[0m
[0mPOST /api/voters/voterpanel [32m200 [0m7.089 ms - 2296[0m
[0mPOST /api/voters/voterpanel [32m200 [0m7.789 ms - 2296[0m
[0mPOST /api/voters/faceverification [32m200 [0m3788.227 ms - 52[0m
[0mPOST /api/voters/voterpanel [32m200 [0m6.535 ms - 2295[0m
[0mPOST /api/voters/voterpanel [32m200 [0m8.393 ms - 2295[0m
[0mPOST /api/voters/voteemition [32m200 [0m33.734 ms - 48[0m
[0mPOST /api/voters/voterpanel [32m200 [0m6.860 ms - 2294[0m
[0mPOST /api/voters/ci [32m200 [0m6.595 ms - 3203[0m
[0mPOST /api/voters/voterpanel [32m200 [0m6.040 ms - 2301[0m
[0mPOST /api/voters/voterpanel [32m200 [0m7.302 ms - 2301[0m
[0mPOST /api/fingerprint/printinstructions [32m200 [0m2.299 ms - 2[0m
[0mPOST /api/fingerprint/printinstructions [32m200 [0m1.921 ms - 2[0m
[0mPOST /api/fingerprint/search [32m200 [0m3373.365 ms - 48[0m
[0mPOST /api/voters/fingerverification [32m200 [0m3385.657 ms - 52[0m
[0mPOST /api/voters/voterpanel [32m200 [0m7.043 ms - 2300[0m
[0mPOST /api/voters/voterpanel [32m200 [0m6.637 ms - 2300[0m
[0mPOST /api/voters/faceverification [32m200 [0m3076.346 ms - 52[0m
[0mPOST /api/voters/voterpanel [32m200 [0m7.555 ms - 2299[0m
[0mPOST /api/voters/voterpanel [32m200 [0m7.971 ms - 2299[0m
[0mPOST /api/voters/voteemition [32m200 [0m31.157 ms - 48[0m
[0mPOST /api/voters/voterpanel [32m200 [0m6.929 ms - 2298[0m
[0mPOST /api/voters/ci [32m200 [0m6.152 ms - 3567[0m
[0mPOST /api/voters/voterpanel [32m200 [0m8.687 ms - 2574[0m
[0mPOST /api/voters/voterpanel [32m200 [0m6.103 ms - 2574[0m
[Respuesta de error] TypeError: Cannot read property 'faceId' of undefined
[0mPOST /api/voters/faceverification [31m500 [0m2053.575 ms - 38[0m
[0mPOST /api/voters/voterpanel [32m200 [0m5.964 ms - 2574[0m
[0mPOST /api/voters/voterpanel [32m200 [0m7.680 ms - 2574[0m
[0mPOST /api/fingerprint/printinstructions [32m200 [0m3.443 ms - 2[0m
[0mPOST /api/fingerprint/printinstructions [32m200 [0m1.884 ms - 2[0m
[0mPOST /api/fingerprint/search [32m200 [0m3287.886 ms - 48[0m
[0mPOST /api/voters/fingerverification [32m200 [0m3296.732 ms - 52[0m
[0mPOST /api/voters/voterpanel [32m200 [0m6.601 ms - 2573[0m
[0mPOST /api/voters/voterpanel [32m200 [0m7.421 ms - 2573[0m
[Respuesta de error] TypeError: Cannot read property 'faceId' of undefined
[0mPOST /api/voters/faceverification [31m500 [0m1566.180 ms - 38[0m
[0mPOST /api/voters/voterpanel [32m200 [0m11.224 ms - 2573[0m
[0mPOST /api/voters/ci [32m200 [0m6.628 ms - 3486[0m
[0mPOST /api/voters/voterpanel [32m200 [0m6.518 ms - 2513[0m
[0mPOST /api/voters/voterpanel [32m200 [0m6.241 ms - 2513[0m
[0mPOST /api/voters/faceverification [32m200 [0m3712.225 ms - 52[0m
[0mPOST /api/voters/voterpanel [32m200 [0m6.100 ms - 2512[0m
[0mPOST /api/voters/voterpanel [32m200 [0m6.231 ms - 2512[0m
[0mPOST /api/fingerprint/printinstructions [32m200 [0m1.450 ms - 2[0m
[0mPOST /api/fingerprint/printinstructions [32m200 [0m1.550 ms - 2[0m
[0mPOST /api/fingerprint/search [32m200 [0m2137.944 ms - 48[0m
[0mPOST /api/voters/fingerverification [32m200 [0m2147.220 ms - 52[0m
[0mPOST /api/voters/voterpanel [32m200 [0m6.662 ms - 2511[0m
[0mPOST /api/voters/voterpanel [32m200 [0m6.225 ms - 2511[0m
[0mPOST /api/voters/voteemition [32m200 [0m313.821 ms - 48[0m
[0mPOST /api/voters/voterpanel [32m200 [0m5.700 ms - 2510[0m
[0mPOST /api/voters/ci [32m200 [0m6.684 ms - 3546[0m
[0mPOST /api/voters/voterpanel [32m200 [0m5.528 ms - 2558[0m
[0mPOST /api/voters/voterpanel [32m200 [0m5.233 ms - 2558[0m
[0mPOST /api/fingerprint/printinstructions [32m200 [0m1.760 ms - 2[0m
[0mPOST /api/fingerprint/printinstructions [32m200 [0m2.185 ms - 2[0m
[0mPOST /api/fingerprint/search [32m200 [0m2916.682 ms - 48[0m
[0mPOST /api/voters/fingerverification [32m200 [0m2925.627 ms - 52[0m
[0mPOST /api/voters/voterpanel [32m200 [0m6.713 ms - 2557[0m
[0mPOST /api/voters/voterpanel [32m200 [0m7.446 ms - 2557[0m
[0mPOST /api/voters/faceverification [32m200 [0m3371.378 ms - 52[0m
[0mPOST /api/voters/voterpanel [32m200 [0m7.874 ms - 2556[0m
[0mPOST /api/voters/voterpanel [32m200 [0m6.698 ms - 2556[0m
[0mPOST /api/voters/voteemition [32m200 [0m34.646 ms - 48[0m
[0mPOST /api/voters/voterpanel [32m200 [0m7.010 ms - 2555[0m
[0mPOST /api/voters/ci [32m200 [0m7.966 ms - 3418[0m
[0mPOST /api/voters/voterpanel [32m200 [0m5.304 ms - 2462[0m
[0mPOST /api/voters/voterpanel [32m200 [0m7.035 ms - 2462[0m
[0mPOST /api/fingerprint/printinstructions [32m200 [0m1.865 ms - 2[0m
[0mPOST /api/fingerprint/printinstructions [32m200 [0m2.123 ms - 2[0m
[0mPOST /api/fingerprint/search [32m200 [0m1941.520 ms - 48[0m
[0mPOST /api/voters/fingerverification [32m200 [0m1950.984 ms - 52[0m
[0mPOST /api/voters/voterpanel [32m200 [0m6.492 ms - 2461[0m
[0mPOST /api/voters/voterpanel [32m200 [0m7.110 ms - 2461[0m
[0mPOST /api/voters/faceverification [32m200 [0m2964.187 ms - 52[0m
[0mPOST /api/voters/voterpanel [32m200 [0m5.835 ms - 2460[0m
[0mPOST /api/voters/voterpanel [32m200 [0m6.400 ms - 2460[0m
[0mPOST /api/voters/voteemition [32m200 [0m36.980 ms - 48[0m
[0mPOST /api/voters/voterpanel [32m200 [0m6.361 ms - 2459[0m
[0mPOST /api/voters/ci [32m200 [0m8.137 ms - 3393[0m
[0mPOST /api/voters/voterpanel [32m200 [0m7.261 ms - 2443[0m
[0mPOST /api/voters/voterpanel [32m200 [0m6.930 ms - 2443[0m
[0mPOST /api/fingerprint/printinstructions [32m200 [0m2.419 ms - 2[0m
[0mPOST /api/fingerprint/printinstructions [32m200 [0m4.851 ms - 2[0m
[0mPOST /api/fingerprint/search [32m200 [0m3579.320 ms - 48[0m
[0mPOST /api/voters/fingerverification [32m200 [0m3588.052 ms - 52[0m
[0mPOST /api/voters/voterpanel [32m200 [0m6.962 ms - 2442[0m
[0mPOST /api/voters/voterpanel [32m200 [0m6.280 ms - 2442[0m
[0mPOST /api/voters/faceverification [32m200 [0m3583.146 ms - 52[0m
[0mPOST /api/voters/voterpanel [32m200 [0m15.237 ms - 2441[0m
[0mPOST /api/voters/voterpanel [32m200 [0m6.739 ms - 2441[0m
[0mPOST /api/voters/voteemition [32m200 [0m31.096 ms - 48[0m
[0mPOST /api/voters/voterpanel [32m200 [0m8.938 ms - 2440[0m
[Respuesta de error] TokenExpiredError: jwt expired
[0mPUT /api/register/closevotingperiod [33m403 [0m1.038 ms - 41[0m
[Respuesta de error] TokenExpiredError: jwt expired
[0mPUT /api/register/closevotingperiod [33m403 [0m0.589 ms - 41[0m
[0mPOST /api/register/login [32m200 [0m252.013 ms - 447[0m
[0mPOST /api/register/dashboard [32m200 [0m1.647 ms - 218[0m
[0mPUT /api/register/closevotingperiod [32m200 [0m37.145 ms - 66[0m
[0mGET /api/register/getresults [32m200 [0m31.671 ms - 97[0m
