Servidor en puerto:  3000
[Base de datos] ahora conectada
[0mPOST /api/register/login [32m200 [0m291.718 ms - 447[0m
[0mPOST /api/register/dashboard [32m200 [0m1.992 ms - 218[0m
[0mPOST /api/register/login [32m200 [0m292.512 ms - 447[0m
[0mPOST /api/register/dashboard [32m200 [0m0.863 ms - 218[0m
[0mPOST /api/register/init [32m200 [0m339.254 ms - 62[0m
[0mPOST /api/register/registervoter [32m201 [0m4624.314 ms - 54[0m
[0mPOST /api/register/dashboard [32m200 [0m2.146 ms - 218[0m
[0mPOST /api/register/voterpanel [32m200 [0m69.214 ms - 345[0m
[0mPOST /api/register/voterpanel [32m200 [0m53.652 ms - 345[0m
[0mPUT /api/register/registervoter [32m204 [0m50.231 ms - -[0m
[0mPOST /api/register/dashboard [32m200 [0m2.506 ms - 218[0m
[0mPOST /api/register/login [32m200 [0m285.500 ms - 447[0m
[0mPOST /api/register/dashboard [32m200 [0m1.034 ms - 218[0m
[0mPOST /api/register/dashboard [32m200 [0m1.158 ms - 218[0m
[0mPOST /api/register/login [32m200 [0m251.220 ms - 447[0m
[0mPOST /api/register/dashboard [32m200 [0m0.921 ms - 218[0m
[0mPOST /api/register/dashboard [32m200 [0m1.009 ms - 218[0m
[0mPOST /api/register/dashboard [32m200 [0m0.703 ms - 218[0m
[0mPOST /api/register/login [32m200 [0m293.210 ms - 447[0m
[0mPOST /api/register/dashboard [32m200 [0m0.779 ms - 218[0m
[0mPOST /api/register/registervoter [32m201 [0m13.089 ms - 54[0m
[0mPOST /api/register/dashboard [32m200 [0m1.746 ms - 218[0m
[0mPOST /api/register/voterpanel [32m200 [0m6.147 ms - 344[0m
[0mPOST /api/register/voterpanel [32m200 [0m16.766 ms - 344[0m
[0mPOST /api/fingerprint/printinstructions [32m200 [0m6.615 ms - 2[0m
[0mGET /api/voters/fingercharacteristics [32m200 [0m5.330 ms - 4[0m
[0mPOST /api/fingerprint/printinstructions [32m200 [0m1.997 ms - 2[0m
[0mPOST /api/fingerprint/printinstructions [32m200 [0m1.189 ms - 2[0m
[0mPOST /api/fingerprint/printinstructions [32m200 [0m1.065 ms - 2[0m
[0mPOST /api/fingerprint/enroll [32m200 [0m10264.110 ms - 2052[0m
[0mPUT /api/register/voterfingerprint [32m200 [0m10299.040 ms - 50[0m
[0mPOST /api/register/dashboard [32m200 [0m1.006 ms - 218[0m
[0mPOST /api/register/voterpanel [32m200 [0m12.297 ms - 2374[0m
[0mPOST /api/register/voterpanel [32m200 [0m28.866 ms - 2374[0m
[0mPOST /api/register/dashboard [32m200 [0m1.235 ms - 218[0m
[0mPOST /api/register/registervoter [32m201 [0m8.689 ms - 54[0m
[0mPOST /api/register/dashboard [32m200 [0m0.985 ms - 218[0m
[0mPOST /api/register/voterpanel [32m200 [0m4.009 ms - 347[0m
[0mPOST /api/register/voterpanel [32m200 [0m5.818 ms - 347[0m
[0mPOST /api/fingerprint/printinstructions [32m200 [0m1.089 ms - 2[0m
[0mGET /api/voters/fingercharacteristics [32m200 [0m3.819 ms - 2037[0m
[0mPOST /api/fingerprint/printinstructions [32m200 [0m1.144 ms - 2[0m
[0mPOST /api/fingerprint/printinstructions [32m200 [0m1.387 ms - 2[0m
[0mPOST /api/fingerprint/printinstructions [32m200 [0m1.180 ms - 2[0m
[0mPOST /api/fingerprint/enroll [32m200 [0m32422.926 ms - 1970[0m
[0mPUT /api/register/voterfingerprint [32m200 [0m32443.824 ms - 50[0m
[0mPOST /api/register/dashboard [32m200 [0m0.765 ms - 218[0m
[0mPOST /api/register/dashboard [32m200 [0m0.773 ms - 218[0m
[0mPOST /api/register/registervoter [32m201 [0m7.946 ms - 54[0m
[0mPOST /api/register/dashboard [32m200 [0m0.504 ms - 218[0m
[0mPUT /api/register/closeregistration [32m200 [0m403.842 ms - 77[0m
[0mPUT /api/register/openvotingperiod [32m200 [0m46.958 ms - 66[0m
[Respuesta de error] Búsqueda de CI inexistente
[0mPOST /api/voters/ci [33m401 [0m4.193 ms - 57[0m
[Respuesta de error] Búsqueda de CI inexistente
[0mPOST /api/voters/ci [33m401 [0m3.525 ms - 57[0m
[0mPOST /api/voters/ci [32m200 [0m4.671 ms - 602[0m
[0mPOST /api/voters/voterpanel [32m200 [0m4.500 ms - 350[0m
[0mPOST /api/voters/ci [32m200 [0m7.464 ms - 3301[0m
[0mPOST /api/voters/voterpanel [32m200 [0m7.464 ms - 2374[0m
[0mPOST /api/voters/voterpanel [32m200 [0m8.909 ms - 2374[0m
[Respuesta de error] No es la misma persona
[0mPOST /api/voters/faceverification [33m401 [0m4122.777 ms - 44[0m
[0mPOST /api/voters/voterpanel [32m200 [0m5.971 ms - 2374[0m
[0mPOST /api/voters/voterpanel [32m200 [0m6.911 ms - 2374[0m
[0mPOST /api/fingerprint/printinstructions [32m200 [0m1.493 ms - 2[0m
[0mPOST /api/fingerprint/printinstructions [32m200 [0m0.889 ms - 2[0m
[Respuesta de error] Las huellas no coinciden
[0mPOST /api/fingerprint/search [32m206 [0m4286.850 ms - 46[0m
[Respuesta de error] Las huellas no coinciden
[0mPOST /api/voters/fingerverification [32m206 [0m4294.876 ms - 46[0m
[0mPOST /api/voters/ci [32m200 [0m4.458 ms - 602[0m
[0mPOST /api/voters/voterpanel [32m200 [0m3.790 ms - 350[0m
[0mPOST /api/voters/voterpanel [32m200 [0m3.405 ms - 350[0m
[0mPOST /api/voters/faceverification [32m200 [0m2911.584 ms - 52[0m
[0mPOST /api/voters/voterpanel [32m200 [0m5.517 ms - 349[0m
[0mPOST /api/voters/voterpanel [32m200 [0m4.041 ms - 349[0m
[Respuesta de error] El votante aún no tiene la huella dactilar registrada
[0mPOST /api/voters/fingerverification [32m206 [0m3.545 ms - 76[0m
[0mPOST /api/voters/ci [32m200 [0m5.638 ms - 3195[0m
[0mPOST /api/voters/voterpanel [32m200 [0m8.925 ms - 2295[0m
[0mPOST /api/voters/voterpanel [32m200 [0m6.265 ms - 2295[0m
[0mPOST /api/voters/faceverification [32m200 [0m4215.176 ms - 52[0m
[0mPOST /api/voters/voterpanel [32m200 [0m7.046 ms - 2294[0m
[0mPOST /api/voters/voterpanel [32m200 [0m7.018 ms - 2294[0m
[0mPOST /api/fingerprint/printinstructions [32m200 [0m1.347 ms - 2[0m
[0mPOST /api/fingerprint/printinstructions [32m200 [0m1.214 ms - 2[0m
[Respuesta de error] Las huellas no coinciden
[0mPOST /api/fingerprint/search [32m206 [0m2959.312 ms - 46[0m
[Respuesta de error] Las huellas no coinciden
[0mPOST /api/voters/fingerverification [32m206 [0m2966.107 ms - 46[0m
[0mPOST /api/fingerprint/printinstructions [32m200 [0m1.259 ms - 2[0m
[0mPOST /api/fingerprint/printinstructions [32m200 [0m1.207 ms - 2[0m
[0mPOST /api/fingerprint/search [32m200 [0m5440.533 ms - 48[0m
[0mPOST /api/voters/fingerverification [32m200 [0m5449.730 ms - 52[0m
[0mPOST /api/voters/voterpanel [32m200 [0m7.062 ms - 2293[0m
[0mPOST /api/voters/voterpanel [32m200 [0m5.323 ms - 2293[0m
[0mPOST /api/voters/voteemition [32m200 [0m220.924 ms - 48[0m
[0mPOST /api/voters/voterpanel [32m200 [0m7.438 ms - 2292[0m
[Respuesta de error] No se introdujo ningún CI
[0mPOST /api/voters/ci [33m400 [0m2.574 ms - 48[0m
[0mPOST /api/voters/ci [32m200 [0m7.009 ms - 3301[0m
[0mPOST /api/voters/voterpanel [32m200 [0m4.704 ms - 2374[0m
[0mPOST /api/voters/ci [32m200 [0m6.756 ms - 3301[0m
[0mPOST /api/voters/voterpanel [32m200 [0m6.065 ms - 2374[0m
[0mPOST /api/voters/voterpanel [32m200 [0m18.032 ms - 2374[0m
[0mPOST /api/fingerprint/printinstructions [32m200 [0m2.625 ms - 2[0m
[0mPOST /api/fingerprint/printinstructions [32m200 [0m1.209 ms - 2[0m
[0mPOST /api/fingerprint/search [32m200 [0m4783.611 ms - 48[0m
[0mPOST /api/voters/fingerverification [32m200 [0m4801.207 ms - 52[0m
[0mPOST /api/voters/voterpanel [32m200 [0m6.549 ms - 2373[0m
[0mPOST /api/voters/ci [32m200 [0m7.128 ms - 3299[0m
[0mPOST /api/voters/ci [32m200 [0m8.906 ms - 3299[0m
[0mPOST /api/voters/voterpanel [32m200 [0m5.445 ms - 2373[0m
[0mPOST /api/voters/voterpanel [32m200 [0m6.449 ms - 2373[0m
[0mPOST /api/voters/voterpanel [32m200 [0m7.111 ms - 2373[0m
[0mPOST /api/voters/voterpanel [32m200 [0m6.094 ms - 2373[0m
[0mPOST /api/voters/faceverification [32m200 [0m3247.001 ms - 52[0m
[0mPOST /api/voters/voterpanel [32m200 [0m6.011 ms - 2372[0m
[0mPOST /api/voters/voterpanel [32m200 [0m6.567 ms - 2372[0m
[0mPOST /api/voters/voteemition [32m200 [0m35.617 ms - 48[0m
[0mPOST /api/voters/voterpanel [32m200 [0m7.022 ms - 2371[0m
[0mGET /api/register/getresults [31m500 [0m20.707 ms - 49[0m
[0mPOST /api/register/login [32m200 [0m246.308 ms - 447[0m
[0mPOST /api/register/dashboard [32m200 [0m0.725 ms - 218[0m
[0mPOST /api/register/dashboard [32m200 [0m0.580 ms - 218[0m
[0mPUT /api/register/closevotingperiod [32m200 [0m43.365 ms - 66[0m
[0mGET /api/register/getresults [32m200 [0m35.617 ms - 96[0m
[0mGET /api/register/getresults [36m304 [0m24.189 ms - -[0m
[0mGET /api/register/getresults [36m304 [0m23.354 ms - -[0m
[0mGET /api/register/getresults [32m200 [0m226.832 ms - 96[0m
E1117 18:28:10.535733000 4399050176 chttp2_transport.cc:2838]          ipv4:192.168.0.120:7050: Keepalive watchdog fired. Closing transport.
E1117 18:28:10.535943000 4399050176 chttp2_transport.cc:2838]          ipv4:192.168.0.120:7051: Keepalive watchdog fired. Closing transport.
